<?xml version="1.0" encoding="UTF-8"?>
<testsuite name="SimpleBankSystemTest" tests="1" skipped="0" failures="0" errors="0" timestamp="2020-11-04T19:45:32" hostname="DESKTOP-N183V8S" time="0.986">
  <properties/>
  <testcase name="start" classname="SimpleBankSystemTest" time="0.986"/>
  <system-out><![CDATA[?[1;31m
Start test 1?[0m
Hello World!
1. Create an account
2. Log into account
0. Exit
> 0
Bye!
?[1;31m
Start test 2?[0m
Hello World!
1. Create an account
2. Log into account
0. Exit
> 0
Bye!
?[1;31m
Start test 3?[0m
Hello World!
1. Create an account
2. Log into account
0. Exit
> 0
Bye!
?[1;31m
Start test 4?[0m
Hello World!
1. Create an account
2. Log into account
0. Exit
> 0
Bye!
?[1;31m
Start test 5?[0m
Hello World!
1. Create an account
2. Log into account
0. Exit
> 1
Your card has been created
Your card number:
4000008769374526
Your card PIN:
2505
1. Create an account
2. Log into account
0. Exit
> 1
Your card has been created
Your card number:
4000002333945762
Your card PIN:
9909
1. Create an account
2. Log into account
0. Exit
> 1
Your card has been created
Your card number:
4000009626479144
Your card PIN:
9814
1. Create an account
2. Log into account
0. Exit
> 1
Your card has been created
Your card number:
4000000588581373
Your card PIN:
4543
1. Create an account
2. Log into account
0. Exit
> 1
Your card has been created
Your card number:
4000001564594521
Your card PIN:
5478
1. Create an account
2. Log into account
0. Exit
> 0
Bye!
4000008769374526
4000002333945762
4000009626479144
4000000588581373
4000001564594521
?[1;31m
Start test 6?[0m
Hello World!
1. Create an account
2. Log into account
0. Exit
> 1
Your card has been created
Your card number:
4000003643688423
Your card PIN:
3933
1. Create an account
2. Log into account
0. Exit
> 2
Enter your card number:
> 4000003643688423
Enter your PIN:
> 3933
You have successfully logged in!

1. Balance
2. Add income
3. Do transfer
4. Close account
5. Log out
0. Exit
> 0
Bye!
?[1;31m
Start test 7?[0m
Hello World!
1. Create an account
2. Log into account
0. Exit
> 1
Your card has been created
Your card number:
4000004457736902
Your card PIN:
1229
1. Create an account
2. Log into account
0. Exit
> 2
Enter your card number:
> 4000004457736902
Enter your PIN:
> 4265
Wrong card number or PIN!

1. Create an account
2. Log into account
0. Exit
> 0
Bye!
?[1;31m
Start test 8?[0m
Hello World!
1. Create an account
2. Log into account
0. Exit
> 1
Your card has been created
Your card number:
4000009780873207
Your card PIN:
8191
1. Create an account
2. Log into account
0. Exit
> 2
Enter your card number:
> 400000463524444
Enter your PIN:
> 8191
Wrong card number or PIN!

1. Create an account
2. Log into account
0. Exit
> 0
Bye!
?[1;31m
Start test 9?[0m
Hello World!
1. Create an account
2. Log into account
0. Exit
> 1
Your card has been created
Your card number:
4000006358326295
Your card PIN:
0746
1. Create an account
2. Log into account
0. Exit
> 2
Enter your card number:
> 4000006358326295
Enter your PIN:
> 0746
You have successfully logged in!

1. Balance
2. Add income
3. Do transfer
4. Close account
5. Log out
0. Exit
> 1
Balance: 0
1. Balance
2. Add income
3. Do transfer
4. Close account
5. Log out
0. Exit
> 0
Bye!
?[1;31m
Start test 10?[0m
Hello World!
1. Create an account
2. Log into account
0. Exit
> 1
Your card has been created
Your card number:
4000008289879335
Your card PIN:
7552
1. Create an account
2. Log into account
0. Exit
> 2
Enter your card number:
> 4000008289879335
Enter your PIN:
> 7552
You have successfully logged in!

1. Balance
2. Add income
3. Do transfer
4. Close account
5. Log out
0. Exit
> 2
Enter income:
> 10000
Income was added!
1. Balance
2. Add income
3. Do transfer
4. Close account
5. Log out
0. Exit
> 0
Bye!
Hello World!
1. Create an account
2. Log into account
0. Exit
> 2
Enter your card number:
> 4000008289879335
Enter your PIN:
> 7552
You have successfully logged in!

1. Balance
2. Add income
3. Do transfer
4. Close account
5. Log out
0. Exit
> 2
Enter income:
> 15000
Income was added!
1. Balance
2. Add income
3. Do transfer
4. Close account
5. Log out
0. Exit
> 0
Bye!
?[1;31m
Start test 11?[0m
Hello World!
1. Create an account
2. Log into account
0. Exit
> 1
Your card has been created
Your card number:
4000006063680481
Your card PIN:
4977
1. Create an account
2. Log into account
0. Exit
> 1
Your card has been created
Your card number:
4000007341400205
Your card PIN:
2807
1. Create an account
2. Log into account
0. Exit
> 2
Enter your card number:
> 4000007341400205
Enter your PIN:
> 2807
You have successfully logged in!

1. Balance
2. Add income
3. Do transfer
4. Close account
5. Log out
0. Exit
> 3
Transfer
Enter credit card number:
> 2000007269641764
Probably you made mistake in the card number
Please try again!
1. Balance
2. Add income
3. Do transfer
4. Close account
5. Log out
0. Exit
> 3
Transfer
Enter credit card number:
> 2000007269641768
Such a card does not exist.
1. Balance
2. Add income
3. Do transfer
4. Close account
5. Log out
0. Exit
> 3
Transfer
Enter credit card number:
> 4000006063680481
Enter how much money you want to transfer:

> 100000
Not enough money!
1. Balance
2. Add income
3. Do transfer
4. Close account
5. Log out
0. Exit
> 2
Enter income:
> 20000
Income was added!
1. Balance
2. Add income
3. Do transfer
4. Close account
5. Log out
0. Exit
> 3
Transfer
Enter credit card number:
> 4000006063680481
Enter how much money you want to transfer:

> 10000
Success!
1. Balance
2. Add income
3. Do transfer
4. Close account
5. Log out
0. Exit
> 0
Bye!
?[1;31m
Start test 12?[0m
Hello World!
1. Create an account
2. Log into account
0. Exit
> 1
Your card has been created
Your card number:
4000000853673350
Your card PIN:
2120
1. Create an account
2. Log into account
0. Exit
> 2
Enter your card number:
> 4000000853673350
Enter your PIN:
> 2120
You have successfully logged in!

1. Balance
2. Add income
3. Do transfer
4. Close account
5. Log out
0. Exit
> 4
The account has been closed!
1. Create an account
2. Log into account
0. Exit
> 0
Bye!
]]></system-out>
  <system-err><![CDATA[]]></system-err>
</testsuite>
